  Array.c
  Buf.c
  Palloc.c
c:\users\wc132\source\repos\webapplication1\infrastructure\palloc.c(46): warning C4013: “hky_log_debug1”未定义；假设外部返回 int
c:\users\wc132\source\repos\webapplication1\infrastructure\palloc.c(260): warning C4013: “hky_log_error”未定义；假设外部返回 int
c:\users\wc132\source\repos\webapplication1\infrastructure\palloc.c(273): warning C4013: “hky_log_debug2”未定义；假设外部返回 int
c:\users\wc132\source\repos\webapplication1\infrastructure\palloc.c(276): warning C4133: “函数”: 从“const char *”到“LPCWSTR”的类型不兼容
  Alloc.c
c:\users\wc132\source\repos\webapplication1\infrastructure\platform\alloc.c(14): warning C4013: “hky_log_error”未定义；假设外部返回 int
c:\users\wc132\source\repos\webapplication1\infrastructure\platform\alloc.c(18): warning C4013: “hky_log_debug2”未定义；假设外部返回 int
  Errno.c
c:\users\wc132\source\repos\webapplication1\infrastructure\platform\errno.c(14): warning C4133: “函数”: 从“char *”到“LPWSTR”的类型不兼容
c:\users\wc132\source\repos\webapplication1\infrastructure\platform\errno.c(21): warning C4133: “函数”: 从“char *”到“LPWSTR”的类型不兼容
  Files.c
c:\users\wc132\source\repos\webapplication1\infrastructure\platform\files.c(107): warning C4013: “hky_next_temp_number”未定义；假设外部返回 int
c:\users\wc132\source\repos\webapplication1\infrastructure\platform\files.c(111): warning C4133: “函数”: 从“const char *”到“LPCWSTR”的类型不兼容
c:\users\wc132\source\repos\webapplication1\infrastructure\platform\files.c(117): warning C4013: “hky_log_error”未定义；假设外部返回 int
c:\users\wc132\source\repos\webapplication1\infrastructure\platform\files.c(121): warning C4133: “函数”: 从“const char *”到“LPCWSTR”的类型不兼容
c:\users\wc132\source\repos\webapplication1\infrastructure\platform\files.c(129): warning C4133: “函数”: 从“const char *”到“LPCWSTR”的类型不兼容
c:\users\wc132\source\repos\webapplication1\infrastructure\platform\files.c(310): warning C4133: “函数”: 从“const char *”到“LPCWSTR”的类型不兼容
c:\users\wc132\source\repos\webapplication1\infrastructure\platform\files.c(372): warning C4133: “函数”: 从“const char *”到“LPCWSTR”的类型不兼容
c:\users\wc132\source\repos\webapplication1\infrastructure\platform\files.c(617): warning C4133: “函数”: 从“const char *”到“LPCWSTR”的类型不兼容
  Time.c
  Queue.c
  Rbtree.c
  Spinlock.c
c:\users\wc132\source\repos\webapplication1\infrastructure\spinlock.c(33): warning C4013: “hky_sched_yield”未定义；假设外部返回 int
c:\users\wc132\source\repos\webapplication1\infrastructure\spinlock.c(8): warning C4101: “i”: 未引用的局部变量
c:\users\wc132\source\repos\webapplication1\infrastructure\spinlock.c(8): warning C4101: “n”: 未引用的局部变量
  String.c
c:\users\wc132\source\repos\webapplication1\infrastructure\string.c(225): warning C4013: “hky_min”未定义；假设外部返回 int
  Times.c
c:\users\wc132\source\repos\webapplication1\infrastructure\times.c(141): warning C4013: “hky_abs”未定义；假设外部返回 int
  正在生成代码...
  Infrastructure.vcxproj -> C:\Users\wc132\source\repos\WebApplication1\x64\Debug\Infrastructure.lib
